0 info it worked if it ends with ok
1 verbose cli [ 'D:\\nodejs\\node.exe',
1 verbose cli   'C:\\Users\\Braulio\\AppData\\Roaming\\npm\\node_modules\\npm\\bin\\npm-cli.js',
1 verbose cli   'run',
1 verbose cli   'build' ]
2 info using npm@3.3.4
3 info using node@v5.3.0
4 verbose run-script [ 'prebuild', 'build', 'postbuild' ]
5 info lifecycle dll@1.0.0~prebuild: dll@1.0.0
6 silly lifecycle dll@1.0.0~prebuild: no script for prebuild, continuing
7 info lifecycle dll@1.0.0~build: dll@1.0.0
8 verbose lifecycle dll@1.0.0~build: unsafe-perm in lifecycle true
9 verbose lifecycle dll@1.0.0~build: PATH: C:\Users\Braulio\AppData\Roaming\npm\node_modules\npm\bin\node-gyp-bin;D:\Lemon\webpackBySample\04 Misc\02 WebpackDLL\dll\node_modules\.bin;C:\Program Files (x86)\NVIDIA Corporation\PhysX\Common;C:\WINDOWS\system32;C:\WINDOWS;C:\WINDOWS\System32\Wbem;C:\WINDOWS\System32\WindowsPowerShell\v1.0\;C:\Program Files (x86)\Intel\OpenCL SDK\2.0\bin\x86;C:\Program Files (x86)\Intel\OpenCL SDK\2.0\bin\x64;C:\Program Files (x86)\Microsoft ASP.NET\ASP.NET Web Pages\v1.0\;C:\Program Files\Microsoft SQL Server\110\Tools\Binn\;C:\Program Files (x86)\Windows Kits\8.1\Windows Performance Toolkit\;C:\Program Files\TortoiseHg\;C:\Program Files (x86)\Microsoft SQL Server\110\Tools\Binn\;C:\Program Files\Microsoft SQL Server\110\DTS\Binn\;C:\Program Files (x86)\Git\cmd;C:\Program Files (x86)\Microsoft SQL Server\110\Tools\Binn\ManagementStudio\;C:\Program Files (x86)\Microsoft SQL Server\110\DTS\Binn\;C:\Program Files\Microsoft\Web Platform Installer\;C:\Program Files (x86)\GtkSharp\2.12\bin;C:\Program Files\Microsoft SQL Server\120\Tools\Binn\;C:\Program Files\Microsoft SQL Server\Client SDK\ODBC\110\Tools\Binn\;C:\Program Files (x86)\Microsoft SQL Server\120\Tools\Binn\;C:\Program Files\Microsoft SQL Server\120\DTS\Binn\;C:\Program Files (x86)\Microsoft SQL Server\120\Tools\Binn\ManagementStudio\;C:\Program Files (x86)\Microsoft SQL Server\120\DTS\Binn\;D:\nodejs\;C:\Program Files (x86)\Skype\Phone\;C:\WINDOWS\system32\config\systemprofile\.dnx\bin;C:\Program Files\Microsoft DNX\Dnvm\;C:\Program Files\Microsoft SQL Server\130\Tools\Binn\;D:\ruby\Ruby22-x64\bin;D:\mongodb\bin;D:\phantomjs;C:\Program Files (x86)\Java\jdk1.6.0_39\bin;D:\Ant\apache-ant-1.9.4\bin;C:\Users\Braulio\AppData\Local\Android\android-sdk\platform-tools;C:\Program Files (x86)\Microsoft VS Code\bin;C:\Users\Braulio\AppData\Local\atom\bin;C:\Users\Braulio\AppData\Roaming\npm
10 verbose lifecycle dll@1.0.0~build: CWD: D:\Lemon\webpackBySample\04 Misc\02 WebpackDLL\dll
11 silly lifecycle dll@1.0.0~build: Args: [ '/d /s /c', 'webpack' ]
12 silly lifecycle dll@1.0.0~build: Returned: code: 1  signal: null
13 info lifecycle dll@1.0.0~build: Failed to exec build script
14 verbose stack Error: dll@1.0.0 build: `webpack`
14 verbose stack Exit status 1
14 verbose stack     at EventEmitter.<anonymous> (C:\Users\Braulio\AppData\Roaming\npm\node_modules\npm\lib\utils\lifecycle.js:233:16)
14 verbose stack     at emitTwo (events.js:87:13)
14 verbose stack     at EventEmitter.emit (events.js:172:7)
14 verbose stack     at ChildProcess.<anonymous> (C:\Users\Braulio\AppData\Roaming\npm\node_modules\npm\lib\utils\spawn.js:24:14)
14 verbose stack     at emitTwo (events.js:87:13)
14 verbose stack     at ChildProcess.emit (events.js:172:7)
14 verbose stack     at maybeClose (internal/child_process.js:818:16)
14 verbose stack     at Process.ChildProcess._handle.onexit (internal/child_process.js:211:5)
15 verbose pkgid dll@1.0.0
16 verbose cwd D:\Lemon\webpackBySample\04 Misc\02 WebpackDLL\dll
17 error Windows_NT 10.0.10586
18 error argv "D:\\nodejs\\node.exe" "C:\\Users\\Braulio\\AppData\\Roaming\\npm\\node_modules\\npm\\bin\\npm-cli.js" "run" "build"
19 error node v5.3.0
20 error npm  v3.3.4
21 error code ELIFECYCLE
22 error dll@1.0.0 build: `webpack`
22 error Exit status 1
23 error Failed at the dll@1.0.0 build script 'webpack'.
23 error This is most likely a problem with the dll package,
23 error not with npm itself.
23 error Tell the author that this fails on your system:
23 error     webpack
23 error You can get their info via:
23 error     npm owner ls dll
23 error There is likely additional logging output above.
24 verbose exit [ 1, true ]
